[C] NetworkHost run: Starting with observable directory: 'C:\tmp\C'
[A] NetworkHost run: Starting with observable directory: 'C:\tmp\A'
[B] NetworkHost run: Starting with observable directory: 'C:\tmp\B'
[B] NetworkHost run: New files discovered
[B] NetworkHost run: A.gif read, sending to transport layer...
[B] NetworkHost transport: Sending
[B] AbstractNetworkNode networkLayer: Send (IP header=[69, 0, 0, 20, 0, 0, 0, 0, 0, 6, -61, 29, -64, -88, 25, 20, 10, 10, 20, 1])
[B] AbstractNetworkNode linkLayer: Send (Ethernet header=[-86, -86, -86, -86, -86, -86, -86, -85, -80, 0, -48, -122, -69, -9, 0, -80, -48, -122, -9, -69, 0, 0, 0, 0, 0, 0, -58, 102, -109, 124])
[B] AbstractNetworkNode physicalLayer: Send to network '192.168.25.0'
[C] AbstractNetworkNode physicalLayer: Received packet
[C] AbstractNetworkNode linkLayer: Received (Ethernet header=[-86, -86, -86, -86, -86, -86, -86, -85, -80, 0, -48, -122, -69, -9, 0, -80, -48, -122, -9, -69, 0, 0, 0, 0, 0, 0, -58, 102, -109, 124])
[C] AbstractNetworkNode linkLayer: Payload with destination MAC 'b0:00:d0:86:bb:f7' does not belong to me!
[R] AbstractNetworkNode physicalLayer: Received packet
[R] AbstractNetworkNode linkLayer: Received (Ethernet header=[-86, -86, -86, -86, -86, -86, -86, -85, -80, 0, -48, -122, -69, -9, 0, -80, -48, -122, -9, -69, 0, 0, 0, 0, 0, 0, -58, 102, -109, 124])
[R] NetworkRouter networkLayer: Send (IP header=[69, 0, 0, 20, 0, 0, 0, 0, 0, 6, -61, 29, -64, -88, 25, 20, 10, 10, 20, 1])
[R] AbstractNetworkNode linkLayer: Send (Ethernet header=[-86, -86, -86, -86, -86, -86, -86, -85, 0, -80, -48, -122, -69, -9, -48, -80, 0, -122, -69, -9, 0, 0, 0, 0, 0, 0, -67, 37, -93, -63])
[R] AbstractNetworkNode physicalLayer: Send to network '10.10.20.0'
[A] AbstractNetworkNode physicalLayer: Received packet
[A] AbstractNetworkNode linkLayer: Received (Ethernet header=[-86, -86, -86, -86, -86, -86, -86, -85, 0, -80, -48, -122, -69, -9, -48, -80, 0, -122, -69, -9, 0, 0, 0, 0, 0, 0, -67, 37, -93, -63])
[A] AbstractNetworkNode networkLayer: Received (IP header=[69, 0, 0, 20, 0, 0, 0, 0, 0, 6, -61, 29, -64, -88, 25, 20, 10, 10, 20, 1])
[A] NetworkHost transport: Received
[A] NetworkHost transport: Adding Segment to buffer
[B] NetworkHost transport: Sending
[B] AbstractNetworkNode networkLayer: Send (IP header=[69, 0, 0, 20, 0, 1, 0, 0, 0, 6, -61, 28, -64, -88, 25, 20, 10, 10, 20, 1])
[B] AbstractNetworkNode linkLayer: Send (Ethernet header=[-86, -86, -86, -86, -86, -86, -86, -85, -80, 0, -48, -122, -69, -9, 0, -80, -48, -122, -9, -69, 0, 0, 0, 0, 0, 0, 26, -113, 68, -33])
[B] AbstractNetworkNode physicalLayer: Send to network '192.168.25.0'
[C] AbstractNetworkNode physicalLayer: Received packet
[C] AbstractNetworkNode linkLayer: Received (Ethernet header=[-86, -86, -86, -86, -86, -86, -86, -85, -80, 0, -48, -122, -69, -9, 0, -80, -48, -122, -9, -69, 0, 0, 0, 0, 0, 0, 26, -113, 68, -33])
[C] AbstractNetworkNode linkLayer: Payload with destination MAC 'b0:00:d0:86:bb:f7' does not belong to me!
[R] AbstractNetworkNode physicalLayer: Received packet
[R] AbstractNetworkNode linkLayer: Received (Ethernet header=[-86, -86, -86, -86, -86, -86, -86, -85, -80, 0, -48, -122, -69, -9, 0, -80, -48, -122, -9, -69, 0, 0, 0, 0, 0, 0, 26, -113, 68, -33])
[R] NetworkRouter networkLayer: Send (IP header=[69, 0, 0, 20, 0, 1, 0, 0, 0, 6, -61, 28, -64, -88, 25, 20, 10, 10, 20, 1])
[R] AbstractNetworkNode linkLayer: Send (Ethernet header=[-86, -86, -86, -86, -86, -86, -86, -85, 0, -80, -48, -122, -69, -9, -48, -80, 0, -122, -69, -9, 0, 0, 0, 0, 0, 0, 97, -52, 116, 98])
[R] AbstractNetworkNode physicalLayer: Send to network '10.10.20.0'
[A] AbstractNetworkNode physicalLayer: Received packet
[A] AbstractNetworkNode linkLayer: Received (Ethernet header=[-86, -86, -86, -86, -86, -86, -86, -85, 0, -80, -48, -122, -69, -9, -48, -80, 0, -122, -69, -9, 0, 0, 0, 0, 0, 0, 97, -52, 116, 98])
[A] AbstractNetworkNode networkLayer: Received (IP header=[69, 0, 0, 20, 0, 1, 0, 0, 0, 6, -61, 28, -64, -88, 25, 20, 10, 10, 20, 1])
[A] NetworkHost transport: Received
[A] NetworkHost transport: Adding Segment to buffer

..... REMOVED EXTRA LOGGING TO REDUCE THE OUTPUT FILE SIZE .....

[B] NetworkHost transport: Sending
[B] AbstractNetworkNode networkLayer: Send (IP header=[69, 0, 0, 20, 0, -44, 0, 0, 0, 6, -62, 73, -64, -88, 25, 20, 10, 10, 20, 1])
[B] AbstractNetworkNode linkLayer: Send (Ethernet header=[-86, -86, -86, -86, -86, -86, -86, -85, -80, 0, -48, -122, -69, -9, 0, -80, -48, -122, -9, -69, 0, 0, 0, 0, 0, 0, 0, 24, -54, -2])
[B] AbstractNetworkNode physicalLayer: Send to network '192.168.25.0'
[C] AbstractNetworkNode physicalLayer: Received packet
[C] AbstractNetworkNode linkLayer: Received (Ethernet header=[-86, -86, -86, -86, -86, -86, -86, -85, -80, 0, -48, -122, -69, -9, 0, -80, -48, -122, -9, -69, 0, 0, 0, 0, 0, 0, 0, 24, -54, -2])
[C] AbstractNetworkNode linkLayer: Payload with destination MAC 'b0:00:d0:86:bb:f7' does not belong to me!
[R] AbstractNetworkNode physicalLayer: Received packet
[R] AbstractNetworkNode linkLayer: Received (Ethernet header=[-86, -86, -86, -86, -86, -86, -86, -85, -80, 0, -48, -122, -69, -9, 0, -80, -48, -122, -9, -69, 0, 0, 0, 0, 0, 0, 0, 24, -54, -2])
[R] NetworkRouter networkLayer: Send (IP header=[69, 0, 0, 20, 0, -44, 0, 0, 0, 6, -62, 73, -64, -88, 25, 20, 10, 10, 20, 1])
[R] AbstractNetworkNode linkLayer: Send (Ethernet header=[-86, -86, -86, -86, -86, -86, -86, -85, 0, -80, -48, -122, -69, -9, -48, -80, 0, -122, -69, -9, 0, 0, 0, 0, 0, 0, -76, -109, -53, -114])
[R] AbstractNetworkNode physicalLayer: Send to network '10.10.20.0'
[A] AbstractNetworkNode physicalLayer: Received packet
[A] AbstractNetworkNode linkLayer: Received (Ethernet header=[-86, -86, -86, -86, -86, -86, -86, -85, 0, -80, -48, -122, -69, -9, -48, -80, 0, -122, -69, -9, 0, 0, 0, 0, 0, 0, -76, -109, -53, -114])
[A] AbstractNetworkNode networkLayer: Received (IP header=[69, 0, 0, 20, 0, -44, 0, 0, 0, 6, -62, 73, -64, -88, 25, 20, 10, 10, 20, 1])
[A] NetworkHost transport: Received
[A] NetworkHost transport: Adding Segment to buffer
[A] NetworkHost transport: Received last segment
[A] NetworkHost transport: Assembling 213 segments
[A] NetworkHost application: Wrote file 'file-0.bin'
