[C] NetworkHost run: Starting with observable directory: 'C:\tmp\C'
[A] NetworkHost run: Starting with observable directory: 'C:\tmp\A'
[B] NetworkHost run: Starting with observable directory: 'C:\tmp\B'
[C] NetworkHost run: New files discovered
[C] NetworkHost run: B.xls read, sending to transport layer...
[C] NetworkHost transport: Sending
[C] AbstractNetworkNode networkLayer: Send (IP header=[69, 0, 0, 20, 0, 0, 0, 0, 0, 6, 7, 113, -64, -88, 25, 15, -64, -88, 25, 20])
[C] AbstractNetworkNode linkLayer: Send (Ethernet header=[-86, -86, -86, -86, -86, -86, -86, -85, 0, -80, -48, -122, -9, -69, 0, -80, -48, -9, -122, -69, 0, 0, 0, 0, 0, 0, -25, -104, 46, -66])
[C] AbstractNetworkNode physicalLayer: Send to network '192.168.25.0'
[R] AbstractNetworkNode physicalLayer: Received packet
[R] AbstractNetworkNode linkLayer: Received (Ethernet header=[-86, -86, -86, -86, -86, -86, -86, -85, 0, -80, -48, -122, -9, -69, 0, -80, -48, -9, -122, -69, 0, 0, 0, 0, 0, 0, -25, -104, 46, -66])
[R] AbstractNetworkNode linkLayer: Payload with destination MAC '00:b0:d0:86:f7:bb' does not belong to me!
[B] AbstractNetworkNode physicalLayer: Received packet
[B] AbstractNetworkNode linkLayer: Received (Ethernet header=[-86, -86, -86, -86, -86, -86, -86, -85, 0, -80, -48, -122, -9, -69, 0, -80, -48, -9, -122, -69, 0, 0, 0, 0, 0, 0, -25, -104, 46, -66])
[B] AbstractNetworkNode networkLayer: Received (IP header=[69, 0, 0, 20, 0, 0, 0, 0, 0, 6, 7, 113, -64, -88, 25, 15, -64, -88, 25, 20])
[B] NetworkHost transport: Received
[B] NetworkHost transport: Adding Segment to buffer
[C] NetworkHost transport: Sending
[C] AbstractNetworkNode networkLayer: Send (IP header=[69, 0, 0, 20, 0, 1, 0, 0, 0, 6, 7, 112, -64, -88, 25, 15, -64, -88, 25, 20])
[C] AbstractNetworkNode linkLayer: Send (Ethernet header=[-86, -86, -86, -86, -86, -86, -86, -85, 0, -80, -48, -122, -9, -69, 0, -80, -48, -9, -122, -69, 0, 0, 0, 0, 0, 0, 125, 120, -33, 79])
[C] AbstractNetworkNode physicalLayer: Send to network '192.168.25.0'
[R] AbstractNetworkNode physicalLayer: Received packet
[R] AbstractNetworkNode linkLayer: Received (Ethernet header=[-86, -86, -86, -86, -86, -86, -86, -85, 0, -80, -48, -122, -9, -69, 0, -80, -48, -9, -122, -69, 0, 0, 0, 0, 0, 0, 125, 120, -33, 79])
[R] AbstractNetworkNode linkLayer: Payload with destination MAC '00:b0:d0:86:f7:bb' does not belong to me!
[B] AbstractNetworkNode physicalLayer: Received packet
[B] AbstractNetworkNode linkLayer: Received (Ethernet header=[-86, -86, -86, -86, -86, -86, -86, -85, 0, -80, -48, -122, -9, -69, 0, -80, -48, -9, -122, -69, 0, 0, 0, 0, 0, 0, 125, 120, -33, 79])
[B] AbstractNetworkNode networkLayer: Received (IP header=[69, 0, 0, 20, 0, 1, 0, 0, 0, 6, 7, 112, -64, -88, 25, 15, -64, -88, 25, 20])
[B] NetworkHost transport: Received
[B] NetworkHost transport: Adding Segment to buffer
[C] NetworkHost transport: Sending
[C] AbstractNetworkNode networkLayer: Send (IP header=[69, 0, 0, 20, 0, 2, 0, 0, 0, 6, 7, 111, -64, -88, 25, 15, -64, -88, 25, 20])
[C] AbstractNetworkNode linkLayer: Send (Ethernet header=[-86, -86, -86, -86, -86, -86, -86, -85, 0, -80, -48, -122, -9, -69, 0, -80, -48, -9, -122, -69, 0, 0, 0, 0, 0, 0, 25, 47, -116, -113])
[C] AbstractNetworkNode physicalLayer: Send to network '192.168.25.0'
[R] AbstractNetworkNode physicalLayer: Received packet
[R] AbstractNetworkNode linkLayer: Received (Ethernet header=[-86, -86, -86, -86, -86, -86, -86, -85, 0, -80, -48, -122, -9, -69, 0, -80, -48, -9, -122, -69, 0, 0, 0, 0, 0, 0, 25, 47, -116, -113])
[R] AbstractNetworkNode linkLayer: Payload with destination MAC '00:b0:d0:86:f7:bb' does not belong to me!
[B] AbstractNetworkNode physicalLayer: Received packet
[B] AbstractNetworkNode linkLayer: Received (Ethernet header=[-86, -86, -86, -86, -86, -86, -86, -85, 0, -80, -48, -122, -9, -69, 0, -80, -48, -9, -122, -69, 0, 0, 0, 0, 0, 0, 25, 47, -116, -113])
[B] AbstractNetworkNode networkLayer: Received (IP header=[69, 0, 0, 20, 0, 2, 0, 0, 0, 6, 7, 111, -64, -88, 25, 15, -64, -88, 25, 20])
[B] NetworkHost transport: Received
[B] NetworkHost transport: Adding Segment to buffer
[B] NetworkHost transport: Received last segment
[B] NetworkHost transport: Assembling 3 segments
[B] NetworkHost application: Wrote file 'file-0.bin'
