[A] NetworkHost run: Starting with observable directory: 'C:\tmp\A'
[B] NetworkHost run: Starting with observable directory: 'C:\tmp\B'
[C] NetworkHost run: Starting with observable directory: 'C:\tmp\C'
[A] NetworkHost run: New files discovered
[A] NetworkHost run: B.txt read, sending to transport layer...
[A] NetworkHost transport: Sending
[A] AbstractNetworkNode networkLayer: Send (IP header=[69, 0, 0, 20, 0, 0, 0, 0, 0, 6, -61, 29, 10, 10, 20, 1, -64, -88, 25, 20])
[A] AbstractNetworkNode linkLayer: Send (Ethernet header=[-86, -86, -86, -86, -86, -86, -86, -85, -48, -80, 0, -122, -69, -9, 0, -80, -48, -122, -69, -9, 0, 0, 0, 0, 0, 0, 95, 15, -87, -70])
[A] AbstractNetworkNode physicalLayer: Send to network '10.10.20.0'
[R] AbstractNetworkNode physicalLayer: Received packet
[R] AbstractNetworkNode linkLayer: Received (Ethernet header=[-86, -86, -86, -86, -86, -86, -86, -85, -48, -80, 0, -122, -69, -9, 0, -80, -48, -122, -69, -9, 0, 0, 0, 0, 0, 0, 95, 15, -87, -70])
[R] NetworkRouter networkLayer: Send (IP header=[69, 0, 0, 20, 0, 0, 0, 0, 0, 6, -61, 29, 10, 10, 20, 1, -64, -88, 25, 20])
[R] AbstractNetworkNode linkLayer: Send (Ethernet header=[-86, -86, -86, -86, -86, -86, -86, -85, 0, -80, -48, -122, -9, -69, -80, 0, -48, -122, -69, -9, 0, 0, 0, 0, 0, 0, -26, 93, 73, -31])
[R] AbstractNetworkNode physicalLayer: Send to network '192.168.25.0'
[C] AbstractNetworkNode physicalLayer: Received packet
[C] AbstractNetworkNode linkLayer: Received (Ethernet header=[-86, -86, -86, -86, -86, -86, -86, -85, 0, -80, -48, -122, -9, -69, -80, 0, -48, -122, -69, -9, 0, 0, 0, 0, 0, 0, -26, 93, 73, -31])
[C] AbstractNetworkNode linkLayer: Payload with destination MAC '00:b0:d0:86:f7:bb' does not belong to me!
[B] AbstractNetworkNode physicalLayer: Received packet
[B] AbstractNetworkNode linkLayer: Received (Ethernet header=[-86, -86, -86, -86, -86, -86, -86, -85, 0, -80, -48, -122, -9, -69, -80, 0, -48, -122, -69, -9, 0, 0, 0, 0, 0, 0, -26, 93, 73, -31])
[B] AbstractNetworkNode networkLayer: Received (IP header=[69, 0, 0, 20, 0, 0, 0, 0, 0, 6, -61, 29, 10, 10, 20, 1, -64, -88, 25, 20])
[B] NetworkHost transport: Received
[B] NetworkHost transport: Adding Segment to buffer
[B] NetworkHost transport: Received last segment
[B] NetworkHost transport: Assembling 1 segments
[B] NetworkHost application: Wrote file 'file-0.bin'
