[C] NetworkHost run: Starting with observable directory: 'C:\tmp\C'
[B] NetworkHost run: Starting with observable directory: 'C:\tmp\B'
[A] NetworkHost run: Starting with observable directory: 'C:\tmp\A'
[C] NetworkHost run: New files discovered
[C] NetworkHost run: A.pdf read, sending to transport layer...
[C] NetworkHost transport: Sending
[C] AbstractNetworkNode networkLayer: Send (IP header=[69, 0, 0, 20, 0, 0, 0, 0, 0, 6, -61, 34, -64, -88, 25, 15, 10, 10, 20, 1])
[C] AbstractNetworkNode linkLayer: Send (Ethernet header=[-86, -86, -86, -86, -86, -86, -86, -85, -80, 0, -48, -122, -69, -9, 0, -80, -48, -9, -122, -69, 0, 0, 0, 0, 0, 0, 106, 56, -61, -114])
[C] AbstractNetworkNode physicalLayer: Send to network '192.168.25.0'
[B] AbstractNetworkNode physicalLayer: Received packet
[B] AbstractNetworkNode linkLayer: Received (Ethernet header=[-86, -86, -86, -86, -86, -86, -86, -85, -80, 0, -48, -122, -69, -9, 0, -80, -48, -9, -122, -69, 0, 0, 0, 0, 0, 0, 106, 56, -61, -114])
[B] AbstractNetworkNode linkLayer: Payload with destination MAC 'b0:00:d0:86:bb:f7' does not belong to me!
[R] AbstractNetworkNode physicalLayer: Received packet
[R] AbstractNetworkNode linkLayer: Received (Ethernet header=[-86, -86, -86, -86, -86, -86, -86, -85, -80, 0, -48, -122, -69, -9, 0, -80, -48, -9, -122, -69, 0, 0, 0, 0, 0, 0, 106, 56, -61, -114])
[R] NetworkRouter networkLayer: Send (IP header=[69, 0, 0, 20, 0, 0, 0, 0, 0, 6, -61, 34, -64, -88, 25, 15, 10, 10, 20, 1])
[R] AbstractNetworkNode linkLayer: Send (Ethernet header=[-86, -86, -86, -86, -86, -86, -86, -85, 0, -80, -48, -122, -69, -9, -48, -80, 0, -122, -69, -9, 0, 0, 0, 0, 0, 0, -24, -116, -43, -86])
[R] AbstractNetworkNode physicalLayer: Send to network '10.10.20.0'
[A] AbstractNetworkNode physicalLayer: Received packet
[A] AbstractNetworkNode linkLayer: Received (Ethernet header=[-86, -86, -86, -86, -86, -86, -86, -85, 0, -80, -48, -122, -69, -9, -48, -80, 0, -122, -69, -9, 0, 0, 0, 0, 0, 0, -24, -116, -43, -86])
[A] AbstractNetworkNode networkLayer: Received (IP header=[69, 0, 0, 20, 0, 0, 0, 0, 0, 6, -61, 34, -64, -88, 25, 15, 10, 10, 20, 1])
[A] NetworkHost transport: Received
[A] NetworkHost transport: Adding Segment to buffer
[C] NetworkHost transport: Sending
[C] AbstractNetworkNode networkLayer: Send (IP header=[69, 0, 0, 20, 0, 1, 0, 0, 0, 6, -61, 33, -64, -88, 25, 15, 10, 10, 20, 1])
[C] AbstractNetworkNode linkLayer: Send (Ethernet header=[-86, -86, -86, -86, -86, -86, -86, -85, -80, 0, -48, -122, -69, -9, 0, -80, -48, -9, -122, -69, 0, 0, 0, 0, 0, 0, 126, -94, 92, 13])
[C] AbstractNetworkNode physicalLayer: Send to network '192.168.25.0'
[B] AbstractNetworkNode physicalLayer: Received packet
[B] AbstractNetworkNode linkLayer: Received (Ethernet header=[-86, -86, -86, -86, -86, -86, -86, -85, -80, 0, -48, -122, -69, -9, 0, -80, -48, -9, -122, -69, 0, 0, 0, 0, 0, 0, 126, -94, 92, 13])
[B] AbstractNetworkNode linkLayer: Payload with destination MAC 'b0:00:d0:86:bb:f7' does not belong to me!
[R] AbstractNetworkNode physicalLayer: Received packet
[R] AbstractNetworkNode linkLayer: Received (Ethernet header=[-86, -86, -86, -86, -86, -86, -86, -85, -80, 0, -48, -122, -69, -9, 0, -80, -48, -9, -122, -69, 0, 0, 0, 0, 0, 0, 126, -94, 92, 13])
[R] NetworkRouter networkLayer: Send (IP header=[69, 0, 0, 20, 0, 1, 0, 0, 0, 6, -61, 33, -64, -88, 25, 15, 10, 10, 20, 1])
[R] AbstractNetworkNode linkLayer: Send (Ethernet header=[-86, -86, -86, -86, -86, -86, -86, -85, 0, -80, -48, -122, -69, -9, -48, -80, 0, -122, -69, -9, 0, 0, 0, 0, 0, 0, -4, 22, 74, 41])
[R] AbstractNetworkNode physicalLayer: Send to network '10.10.20.0'
[A] AbstractNetworkNode physicalLayer: Received packet
[A] AbstractNetworkNode linkLayer: Received (Ethernet header=[-86, -86, -86, -86, -86, -86, -86, -85, 0, -80, -48, -122, -69, -9, -48, -80, 0, -122, -69, -9, 0, 0, 0, 0, 0, 0, -4, 22, 74, 41])
[A] AbstractNetworkNode networkLayer: Received (IP header=[69, 0, 0, 20, 0, 1, 0, 0, 0, 6, -61, 33, -64, -88, 25, 15, 10, 10, 20, 1])
[A] NetworkHost transport: Received
[A] NetworkHost transport: Adding Segment to buffer

..... REMOVED EXTRA LOGGING TO REDUCE THE OUTPUT FILE SIZE .....

[C] NetworkHost transport: Sending
[C] AbstractNetworkNode networkLayer: Send (IP header=[69, 0, 0, 20, 0, 9, 0, 0, 0, 6, -61, 25, -64, -88, 25, 15, 10, 10, 20, 1])
[C] AbstractNetworkNode linkLayer: Send (Ethernet header=[-86, -86, -86, -86, -86, -86, -86, -85, -80, 0, -48, -122, -69, -9, 0, -80, -48, -9, -122, -69, 0, 0, 0, 0, 0, 0, -88, 24, -77, 100])
[C] AbstractNetworkNode physicalLayer: Send to network '192.168.25.0'
[B] AbstractNetworkNode physicalLayer: Received packet
[B] AbstractNetworkNode linkLayer: Received (Ethernet header=[-86, -86, -86, -86, -86, -86, -86, -85, -80, 0, -48, -122, -69, -9, 0, -80, -48, -9, -122, -69, 0, 0, 0, 0, 0, 0, -88, 24, -77, 100])
[B] AbstractNetworkNode linkLayer: Payload with destination MAC 'b0:00:d0:86:bb:f7' does not belong to me!
[R] AbstractNetworkNode physicalLayer: Received packet
[R] AbstractNetworkNode linkLayer: Received (Ethernet header=[-86, -86, -86, -86, -86, -86, -86, -85, -80, 0, -48, -122, -69, -9, 0, -80, -48, -9, -122, -69, 0, 0, 0, 0, 0, 0, -88, 24, -77, 100])
[R] NetworkRouter networkLayer: Send (IP header=[69, 0, 0, 20, 0, 9, 0, 0, 0, 6, -61, 25, -64, -88, 25, 15, 10, 10, 20, 1])
[R] AbstractNetworkNode linkLayer: Send (Ethernet header=[-86, -86, -86, -86, -86, -86, -86, -85, 0, -80, -48, -122, -69, -9, -48, -80, 0, -122, -69, -9, 0, 0, 0, 0, 0, 0, -74, 3, -36, -101])
[R] AbstractNetworkNode physicalLayer: Send to network '10.10.20.0'
[A] AbstractNetworkNode physicalLayer: Received packet
[A] AbstractNetworkNode linkLayer: Received (Ethernet header=[-86, -86, -86, -86, -86, -86, -86, -85, 0, -80, -48, -122, -69, -9, -48, -80, 0, -122, -69, -9, 0, 0, 0, 0, 0, 0, -74, 3, -36, -101])
[A] AbstractNetworkNode networkLayer: Received (IP header=[69, 0, 0, 20, 0, 9, 0, 0, 0, 6, -61, 25, -64, -88, 25, 15, 10, 10, 20, 1])
[A] NetworkHost transport: Received
[A] NetworkHost transport: Adding Segment to buffer
[A] NetworkHost transport: Received last segment
[A] NetworkHost transport: Assembling 10 segments
[A] NetworkHost application: Wrote file 'file-0.bin'
